<?xml version="1.0" encoding="utf-8"?><testsuites name="pytest tests"><testsuite name="pytest" errors="0" failures="0" skipped="0" tests="30" time="2.730" timestamp="2026-09-12T11:20:38.824692+00:00" hostname="agent-env-61a18fe4-1040-4827-a33b-ac06a52b82d5"><testcase classname="tests.test_moneyflow_api.TestTransactions" name="test_setup_account" time="0.224" /><testcase classname="tests.test_moneyflow_api.TestDebtsAndPayments" name="test_setup" time="0.313" /><testcase classname="tests.test_moneyflow_api.TestTransactions" name="test_create_expense_updates_balance" time="0.121" /><testcase classname="tests.test_moneyflow_api.TestDebtsAndPayments" name="test_get_debt" time="0.064" /><testcase classname="tests.test_moneyflow_api.TestTransactions" name="test_create_income_updates_balance" time="1.042" /><testcase classname="tests.test_moneyflow_api.TestDebtsAndPayments" name="test_partial_payment" time="0.307" /><testcase classname="tests.test_moneyflow_api.TestDebtsAndPayments" name="test_full_payment_marks_paid" time="0.130" /><testcase classname="tests.test_moneyflow_api.TestDebtsAndPayments" name="test_they_owe_payment_creates_income" time="0.295" /><testcase classname="tests.test_moneyflow_api.TestDebtsAndPayments" name="test_cleanup" time="0.133" /><testcase classname="tests.test_moneyflow_api.TestAccounts" name="test_create_account" time="0.067" /><testcase classname="tests.test_moneyflow_api.TestAccounts" name="test_get_accounts_contains" time="0.062" /><testcase classname="tests.test_moneyflow_api.TestAccounts" name="test_update_account" time="0.121" /><testcase classname="tests.test_moneyflow_api.TestTransactions" name="test_list_transactions" time="0.060" /><testcase classname="tests.test_moneyflow_api.TestTransactions" name="test_delete_transaction_restores" time="0.171" /><testcase classname="tests.test_moneyflow_api.TestAccounts" name="test_delete_account" time="0.168" /><testcase classname="tests.test_moneyflow_api.TestTransactions" name="test_cleanup" time="0.110" /><testcase classname="tests.test_moneyflow_api.TestBasic" name="test_root" time="0.108" /><testcase classname="tests.test_moneyflow_api.TestCategories" name="test_create" time="0.107" /><testcase classname="tests.test_moneyflow_api.TestBasic" name="test_get_user_default" time="0.063" /><testcase classname="tests.test_moneyflow_api.TestBasic" name="test_update_user" time="0.141" /><testcase classname="tests.test_moneyflow_api.TestCategories" name="test_update" time="0.062" /><testcase classname="tests.test_moneyflow_api.TestCategories" name="test_delete" time="0.059" /><testcase classname="tests.test_moneyflow_api.TestSeed" name="test_seed_populates" time="0.079" /><testcase classname="tests.test_moneyflow_api.TestBudgets" name="test_create" time="0.061" /><testcase classname="tests.test_moneyflow_api.TestBudgets" name="test_update" time="0.062" /><testcase classname="tests.test_moneyflow_api.TestSeed" name="test_seed_data_exists" time="0.235" /><testcase classname="tests.test_moneyflow_api.TestBudgets" name="test_delete" time="0.071" /><testcase classname="tests.test_moneyflow_api.TestSummary" name="test_summary_shape" time="0.185" /><testcase classname="tests.test_moneyflow_api.TestGoals" name="test_create" time="0.061" /><testcase classname="tests.test_moneyflow_api.TestGoals" name="test_delete" time="0.068" /></testsuite></testsuites>